2024/05/13 00:19:50 - abl - WARNING - The logic_forward function has 2 arguments, so the cache is disabled. 
2024/05/13 00:19:50 - abl - INFO - Abductive Learning on the MNIST Addition example.
2024/05/13 00:19:50 - abl - INFO - loop(train) [1/2] segment(train) [1/100] 
2024/05/13 00:19:51 - abl - INFO - model loss: 2.24760
2024/05/13 00:19:51 - abl - INFO - loop(train) [1/2] segment(train) [2/100] 
2024/05/13 00:19:51 - abl - INFO - model loss: 2.15682
2024/05/13 00:19:51 - abl - INFO - loop(train) [1/2] segment(train) [3/100] 
2024/05/13 00:19:52 - abl - INFO - model loss: 2.04948
2024/05/13 00:19:52 - abl - INFO - loop(train) [1/2] segment(train) [4/100] 
2024/05/13 00:19:52 - abl - INFO - model loss: 2.03010
2024/05/13 00:19:52 - abl - INFO - loop(train) [1/2] segment(train) [5/100] 
2024/05/13 00:19:52 - abl - INFO - model loss: 2.02776
2024/05/13 00:19:52 - abl - INFO - loop(train) [1/2] segment(train) [6/100] 
2024/05/13 00:19:53 - abl - INFO - model loss: 1.96568
2024/05/13 00:19:53 - abl - INFO - loop(train) [1/2] segment(train) [7/100] 
2024/05/13 00:19:53 - abl - INFO - model loss: 1.96240
2024/05/13 00:19:53 - abl - INFO - loop(train) [1/2] segment(train) [8/100] 
2024/05/13 00:19:54 - abl - INFO - model loss: 1.86863
2024/05/13 00:19:54 - abl - INFO - loop(train) [1/2] segment(train) [9/100] 
2024/05/13 00:19:54 - abl - INFO - model loss: 1.85296
2024/05/13 00:19:54 - abl - INFO - loop(train) [1/2] segment(train) [10/100] 
2024/05/13 00:19:55 - abl - INFO - model loss: 1.79745
2024/05/13 00:19:55 - abl - INFO - loop(train) [1/2] segment(train) [11/100] 
2024/05/13 00:19:55 - abl - INFO - model loss: 1.76938
2024/05/13 00:19:55 - abl - INFO - loop(train) [1/2] segment(train) [12/100] 
2024/05/13 00:19:56 - abl - INFO - model loss: 1.79831
2024/05/13 00:19:56 - abl - INFO - loop(train) [1/2] segment(train) [13/100] 
2024/05/13 00:19:56 - abl - INFO - model loss: 1.77981
2024/05/13 00:19:56 - abl - INFO - loop(train) [1/2] segment(train) [14/100] 
2024/05/13 00:19:57 - abl - INFO - model loss: 1.73556
2024/05/13 00:19:57 - abl - INFO - loop(train) [1/2] segment(train) [15/100] 
2024/05/13 00:19:57 - abl - INFO - model loss: 1.75712
2024/05/13 00:19:57 - abl - INFO - loop(train) [1/2] segment(train) [16/100] 
2024/05/13 00:19:58 - abl - INFO - model loss: 1.75159
2024/05/13 00:19:58 - abl - INFO - loop(train) [1/2] segment(train) [17/100] 
2024/05/13 00:19:59 - abl - INFO - model loss: 1.70293
2024/05/13 00:19:59 - abl - INFO - loop(train) [1/2] segment(train) [18/100] 
2024/05/13 00:19:59 - abl - INFO - model loss: 1.74342
2024/05/13 00:19:59 - abl - INFO - loop(train) [1/2] segment(train) [19/100] 
2024/05/13 00:20:00 - abl - INFO - model loss: 1.67604
2024/05/13 00:20:00 - abl - INFO - loop(train) [1/2] segment(train) [20/100] 
2024/05/13 00:20:01 - abl - INFO - model loss: 1.64898
2024/05/13 00:20:01 - abl - INFO - loop(train) [1/2] segment(train) [21/100] 
2024/05/13 00:20:02 - abl - INFO - model loss: 1.64682
2024/05/13 00:20:02 - abl - INFO - loop(train) [1/2] segment(train) [22/100] 
2024/05/13 00:20:04 - abl - INFO - model loss: 1.65794
2024/05/13 00:20:04 - abl - INFO - loop(train) [1/2] segment(train) [23/100] 
2024/05/13 00:20:05 - abl - INFO - model loss: 1.58424
2024/05/13 00:20:05 - abl - INFO - loop(train) [1/2] segment(train) [24/100] 
2024/05/13 00:20:06 - abl - INFO - model loss: 1.52363
2024/05/13 00:20:06 - abl - INFO - loop(train) [1/2] segment(train) [25/100] 
2024/05/13 00:20:07 - abl - INFO - model loss: 1.51723
2024/05/13 00:20:07 - abl - INFO - loop(train) [1/2] segment(train) [26/100] 
2024/05/13 00:20:07 - abl - INFO - model loss: 1.38543
2024/05/13 00:20:07 - abl - INFO - loop(train) [1/2] segment(train) [27/100] 
2024/05/13 00:20:08 - abl - INFO - model loss: 1.20175
2024/05/13 00:20:08 - abl - INFO - loop(train) [1/2] segment(train) [28/100] 
2024/05/13 00:20:08 - abl - INFO - model loss: 1.08585
2024/05/13 00:20:08 - abl - INFO - loop(train) [1/2] segment(train) [29/100] 
2024/05/13 00:20:09 - abl - INFO - model loss: 1.05693
2024/05/13 00:20:09 - abl - INFO - loop(train) [1/2] segment(train) [30/100] 
2024/05/13 00:20:09 - abl - INFO - model loss: 1.04042
2024/05/13 00:20:09 - abl - INFO - loop(train) [1/2] segment(train) [31/100] 
2024/05/13 00:20:10 - abl - INFO - model loss: 1.02464
2024/05/13 00:20:10 - abl - INFO - loop(train) [1/2] segment(train) [32/100] 
2024/05/13 00:20:10 - abl - INFO - model loss: 1.01613
2024/05/13 00:20:10 - abl - INFO - loop(train) [1/2] segment(train) [33/100] 
2024/05/13 00:20:11 - abl - INFO - model loss: 1.00559
2024/05/13 00:20:11 - abl - INFO - loop(train) [1/2] segment(train) [34/100] 
2024/05/13 00:20:12 - abl - INFO - model loss: 0.99340
2024/05/13 00:20:12 - abl - INFO - loop(train) [1/2] segment(train) [35/100] 
2024/05/13 00:20:13 - abl - INFO - model loss: 0.99174
2024/05/13 00:20:13 - abl - INFO - loop(train) [1/2] segment(train) [36/100] 
2024/05/13 00:20:14 - abl - INFO - model loss: 0.99710
2024/05/13 00:20:14 - abl - INFO - loop(train) [1/2] segment(train) [37/100] 
2024/05/13 00:20:15 - abl - INFO - model loss: 0.97855
2024/05/13 00:20:15 - abl - INFO - loop(train) [1/2] segment(train) [38/100] 
2024/05/13 00:20:16 - abl - INFO - model loss: 0.97256
2024/05/13 00:20:16 - abl - INFO - loop(train) [1/2] segment(train) [39/100] 
2024/05/13 00:20:16 - abl - INFO - model loss: 0.96112
2024/05/13 00:20:16 - abl - INFO - loop(train) [1/2] segment(train) [40/100] 
2024/05/13 00:20:17 - abl - INFO - model loss: 0.96401
2024/05/13 00:20:17 - abl - INFO - loop(train) [1/2] segment(train) [41/100] 
2024/05/13 00:20:18 - abl - INFO - model loss: 0.96932
2024/05/13 00:20:18 - abl - INFO - loop(train) [1/2] segment(train) [42/100] 
2024/05/13 00:20:20 - abl - INFO - model loss: 0.97986
2024/05/13 00:20:20 - abl - INFO - loop(train) [1/2] segment(train) [43/100] 
2024/05/13 00:20:21 - abl - INFO - model loss: 0.95797
2024/05/13 00:20:21 - abl - INFO - loop(train) [1/2] segment(train) [44/100] 
2024/05/13 00:20:22 - abl - INFO - model loss: 0.96356
2024/05/13 00:20:22 - abl - INFO - loop(train) [1/2] segment(train) [45/100] 
2024/05/13 00:20:22 - abl - INFO - model loss: 0.94837
2024/05/13 00:20:22 - abl - INFO - loop(train) [1/2] segment(train) [46/100] 
2024/05/13 00:20:23 - abl - INFO - model loss: 0.95653
2024/05/13 00:20:23 - abl - INFO - loop(train) [1/2] segment(train) [47/100] 
2024/05/13 00:20:24 - abl - INFO - model loss: 0.96293
2024/05/13 00:20:24 - abl - INFO - loop(train) [1/2] segment(train) [48/100] 
2024/05/13 00:20:24 - abl - INFO - model loss: 0.97072
2024/05/13 00:20:24 - abl - INFO - loop(train) [1/2] segment(train) [49/100] 
2024/05/13 00:20:25 - abl - INFO - model loss: 0.94458
2024/05/13 00:20:25 - abl - INFO - loop(train) [1/2] segment(train) [50/100] 
2024/05/13 00:20:26 - abl - INFO - model loss: 0.94175
2024/05/13 00:20:26 - abl - INFO - loop(train) [1/2] segment(train) [51/100] 
2024/05/13 00:20:28 - abl - INFO - model loss: 0.94242
2024/05/13 00:20:28 - abl - INFO - loop(train) [1/2] segment(train) [52/100] 
2024/05/13 00:20:29 - abl - INFO - model loss: 0.95593
2024/05/13 00:20:29 - abl - INFO - loop(train) [1/2] segment(train) [53/100] 
2024/05/13 00:20:30 - abl - INFO - model loss: 0.94862
2024/05/13 00:20:30 - abl - INFO - loop(train) [1/2] segment(train) [54/100] 
2024/05/13 00:20:31 - abl - INFO - model loss: 0.95023
2024/05/13 00:20:31 - abl - INFO - loop(train) [1/2] segment(train) [55/100] 
2024/05/13 00:20:32 - abl - INFO - model loss: 0.94731
2024/05/13 00:20:32 - abl - INFO - loop(train) [1/2] segment(train) [56/100] 
2024/05/13 00:20:33 - abl - INFO - model loss: 0.93926
2024/05/13 00:20:33 - abl - INFO - loop(train) [1/2] segment(train) [57/100] 
2024/05/13 00:20:35 - abl - INFO - model loss: 0.93402
2024/05/13 00:20:35 - abl - INFO - loop(train) [1/2] segment(train) [58/100] 
2024/05/13 00:20:35 - abl - INFO - model loss: 0.94686
2024/05/13 00:20:35 - abl - INFO - loop(train) [1/2] segment(train) [59/100] 
2024/05/13 00:20:36 - abl - INFO - model loss: 0.94292
2024/05/13 00:20:36 - abl - INFO - loop(train) [1/2] segment(train) [60/100] 
2024/05/13 00:20:37 - abl - INFO - model loss: 0.95027
2024/05/13 00:20:37 - abl - INFO - loop(train) [1/2] segment(train) [61/100] 
2024/05/13 00:20:38 - abl - INFO - model loss: 0.94798
2024/05/13 00:20:38 - abl - INFO - loop(train) [1/2] segment(train) [62/100] 
2024/05/13 00:20:39 - abl - INFO - model loss: 0.94360
2024/05/13 00:20:39 - abl - INFO - loop(train) [1/2] segment(train) [63/100] 
2024/05/13 00:20:41 - abl - INFO - model loss: 0.96000
2024/05/13 00:20:41 - abl - INFO - loop(train) [1/2] segment(train) [64/100] 
2024/05/13 00:20:42 - abl - INFO - model loss: 0.91988
2024/05/13 00:20:42 - abl - INFO - loop(train) [1/2] segment(train) [65/100] 
2024/05/13 00:20:42 - abl - INFO - model loss: 0.93274
2024/05/13 00:20:42 - abl - INFO - loop(train) [1/2] segment(train) [66/100] 
2024/05/13 00:20:44 - abl - INFO - model loss: 0.93512
2024/05/13 00:20:44 - abl - INFO - loop(train) [1/2] segment(train) [67/100] 
2024/05/13 00:20:44 - abl - INFO - model loss: 0.94325
2024/05/13 00:20:44 - abl - INFO - loop(train) [1/2] segment(train) [68/100] 
2024/05/13 00:20:45 - abl - INFO - model loss: 0.94453
2024/05/13 00:20:45 - abl - INFO - loop(train) [1/2] segment(train) [69/100] 
2024/05/13 00:20:46 - abl - INFO - model loss: 0.93577
2024/05/13 00:20:46 - abl - INFO - loop(train) [1/2] segment(train) [70/100] 
2024/05/13 00:20:47 - abl - INFO - model loss: 0.92389
2024/05/13 00:20:47 - abl - INFO - loop(train) [1/2] segment(train) [71/100] 
2024/05/13 00:20:48 - abl - INFO - model loss: 0.93512
2024/05/13 00:20:48 - abl - INFO - loop(train) [1/2] segment(train) [72/100] 
2024/05/13 00:20:49 - abl - INFO - model loss: 0.91834
2024/05/13 00:20:49 - abl - INFO - loop(train) [1/2] segment(train) [73/100] 
2024/05/13 00:20:50 - abl - INFO - model loss: 0.92176
2024/05/13 00:20:50 - abl - INFO - loop(train) [1/2] segment(train) [74/100] 
2024/05/13 00:20:51 - abl - INFO - model loss: 0.94237
2024/05/13 00:20:51 - abl - INFO - loop(train) [1/2] segment(train) [75/100] 
2024/05/13 00:20:52 - abl - INFO - model loss: 0.92872
2024/05/13 00:20:52 - abl - INFO - loop(train) [1/2] segment(train) [76/100] 
2024/05/13 00:20:54 - abl - INFO - model loss: 0.93684
2024/05/13 00:20:54 - abl - INFO - loop(train) [1/2] segment(train) [77/100] 
2024/05/13 00:20:54 - abl - INFO - model loss: 0.93599
2024/05/13 00:20:54 - abl - INFO - loop(train) [1/2] segment(train) [78/100] 
2024/05/13 00:20:55 - abl - INFO - model loss: 0.91882
2024/05/13 00:20:55 - abl - INFO - loop(train) [1/2] segment(train) [79/100] 
2024/05/13 00:20:56 - abl - INFO - model loss: 0.91515
2024/05/13 00:20:56 - abl - INFO - loop(train) [1/2] segment(train) [80/100] 
2024/05/13 00:20:57 - abl - INFO - model loss: 0.92282
2024/05/13 00:20:57 - abl - INFO - loop(train) [1/2] segment(train) [81/100] 
2024/05/13 00:20:58 - abl - INFO - model loss: 0.92575
2024/05/13 00:20:58 - abl - INFO - loop(train) [1/2] segment(train) [82/100] 
2024/05/13 00:20:58 - abl - INFO - model loss: 0.93571
2024/05/13 00:20:58 - abl - INFO - loop(train) [1/2] segment(train) [83/100] 
2024/05/13 00:20:59 - abl - INFO - model loss: 0.91904
2024/05/13 00:20:59 - abl - INFO - loop(train) [1/2] segment(train) [84/100] 
2024/05/13 00:21:00 - abl - INFO - model loss: 0.90864
2024/05/13 00:21:00 - abl - INFO - loop(train) [1/2] segment(train) [85/100] 
2024/05/13 00:21:01 - abl - INFO - model loss: 0.91557
2024/05/13 00:21:01 - abl - INFO - loop(train) [1/2] segment(train) [86/100] 
2024/05/13 00:21:02 - abl - INFO - model loss: 0.92330
2024/05/13 00:21:02 - abl - INFO - loop(train) [1/2] segment(train) [87/100] 
2024/05/13 00:21:03 - abl - INFO - model loss: 0.91073
2024/05/13 00:21:03 - abl - INFO - loop(train) [1/2] segment(train) [88/100] 
2024/05/13 00:21:04 - abl - INFO - model loss: 0.91129
2024/05/13 00:21:04 - abl - INFO - loop(train) [1/2] segment(train) [89/100] 
2024/05/13 00:21:05 - abl - INFO - model loss: 0.91245
2024/05/13 00:21:05 - abl - INFO - loop(train) [1/2] segment(train) [90/100] 
2024/05/13 00:21:06 - abl - INFO - model loss: 0.91366
2024/05/13 00:21:06 - abl - INFO - loop(train) [1/2] segment(train) [91/100] 
2024/05/13 00:21:07 - abl - INFO - model loss: 0.91226
2024/05/13 00:21:07 - abl - INFO - loop(train) [1/2] segment(train) [92/100] 
2024/05/13 00:21:09 - abl - INFO - model loss: 0.92716
2024/05/13 00:21:09 - abl - INFO - loop(train) [1/2] segment(train) [93/100] 
2024/05/13 00:21:11 - abl - INFO - model loss: 0.91895
2024/05/13 00:21:11 - abl - INFO - loop(train) [1/2] segment(train) [94/100] 
2024/05/13 00:21:12 - abl - INFO - model loss: 0.91917
2024/05/13 00:21:12 - abl - INFO - loop(train) [1/2] segment(train) [95/100] 
2024/05/13 00:21:13 - abl - INFO - model loss: 0.93126
2024/05/13 00:21:13 - abl - INFO - loop(train) [1/2] segment(train) [96/100] 
2024/05/13 00:21:14 - abl - INFO - model loss: 0.90949
2024/05/13 00:21:14 - abl - INFO - loop(train) [1/2] segment(train) [97/100] 
2024/05/13 00:21:16 - abl - INFO - model loss: 0.90111
2024/05/13 00:21:16 - abl - INFO - loop(train) [1/2] segment(train) [98/100] 
2024/05/13 00:21:17 - abl - INFO - model loss: 0.91548
2024/05/13 00:21:17 - abl - INFO - loop(train) [1/2] segment(train) [99/100] 
2024/05/13 00:21:18 - abl - INFO - model loss: 0.91231
2024/05/13 00:21:18 - abl - INFO - loop(train) [1/2] segment(train) [100/100] 
2024/05/13 00:21:20 - abl - INFO - model loss: 0.91379
2024/05/13 00:21:20 - abl - INFO - Eval start: loop(val) [1]
2024/05/13 00:24:01 - abl - INFO - Evaluation ended, mnist_add/character_accuracy: 0.985 mnist_add/reasoning_accuracy: 0.971 
2024/05/13 00:24:01 - abl - INFO - Saving model: loop(save) [1]
2024/05/13 00:24:01 - abl - INFO - Checkpoints will be saved to results\20240513_00_19_50\weights\model_checkpoint_loop_1.pth
2024/05/13 00:24:01 - abl - INFO - loop(train) [2/2] segment(train) [1/100] 
2024/05/13 00:24:04 - abl - INFO - model loss: 0.91194
2024/05/13 00:24:04 - abl - INFO - loop(train) [2/2] segment(train) [2/100] 
2024/05/13 00:24:07 - abl - INFO - model loss: 0.92808
2024/05/13 00:24:07 - abl - INFO - loop(train) [2/2] segment(train) [3/100] 
2024/05/13 00:24:09 - abl - INFO - model loss: 0.91489
2024/05/13 00:24:09 - abl - INFO - loop(train) [2/2] segment(train) [4/100] 
2024/05/13 00:24:12 - abl - INFO - model loss: 0.90743
2024/05/13 00:24:12 - abl - INFO - loop(train) [2/2] segment(train) [5/100] 
2024/05/13 00:24:14 - abl - INFO - model loss: 0.91100
2024/05/13 00:24:14 - abl - INFO - loop(train) [2/2] segment(train) [6/100] 
2024/05/13 00:24:17 - abl - INFO - model loss: 0.92043
2024/05/13 00:24:17 - abl - INFO - loop(train) [2/2] segment(train) [7/100] 
2024/05/13 00:24:19 - abl - INFO - model loss: 0.91213
2024/05/13 00:24:19 - abl - INFO - loop(train) [2/2] segment(train) [8/100] 
2024/05/13 00:24:23 - abl - INFO - model loss: 0.90564
2024/05/13 00:24:23 - abl - INFO - loop(train) [2/2] segment(train) [9/100] 
2024/05/13 00:24:25 - abl - INFO - model loss: 0.90906
2024/05/13 00:24:25 - abl - INFO - loop(train) [2/2] segment(train) [10/100] 
2024/05/13 00:24:29 - abl - INFO - model loss: 0.90825
2024/05/13 00:24:29 - abl - INFO - loop(train) [2/2] segment(train) [11/100] 
2024/05/13 00:24:32 - abl - INFO - model loss: 0.91267
2024/05/13 00:24:32 - abl - INFO - loop(train) [2/2] segment(train) [12/100] 
2024/05/13 00:24:34 - abl - INFO - model loss: 0.91602
2024/05/13 00:24:34 - abl - INFO - loop(train) [2/2] segment(train) [13/100] 
2024/05/13 00:24:37 - abl - INFO - model loss: 0.90944
2024/05/13 00:24:37 - abl - INFO - loop(train) [2/2] segment(train) [14/100] 
2024/05/13 00:24:40 - abl - INFO - model loss: 0.90711
2024/05/13 00:24:40 - abl - INFO - loop(train) [2/2] segment(train) [15/100] 
2024/05/13 00:24:42 - abl - INFO - model loss: 0.90519
2024/05/13 00:24:42 - abl - INFO - loop(train) [2/2] segment(train) [16/100] 
2024/05/13 00:24:45 - abl - INFO - model loss: 0.90880
2024/05/13 00:24:45 - abl - INFO - loop(train) [2/2] segment(train) [17/100] 
2024/05/13 00:24:48 - abl - INFO - model loss: 0.90419
2024/05/13 00:24:48 - abl - INFO - loop(train) [2/2] segment(train) [18/100] 
2024/05/13 00:24:50 - abl - INFO - model loss: 0.91611
2024/05/13 00:24:50 - abl - INFO - loop(train) [2/2] segment(train) [19/100] 
2024/05/13 00:24:53 - abl - INFO - model loss: 0.90037
2024/05/13 00:24:53 - abl - INFO - loop(train) [2/2] segment(train) [20/100] 
2024/05/13 00:24:55 - abl - INFO - model loss: 0.90325
2024/05/13 00:24:55 - abl - INFO - loop(train) [2/2] segment(train) [21/100] 
2024/05/13 00:24:58 - abl - INFO - model loss: 0.91304
2024/05/13 00:24:58 - abl - INFO - loop(train) [2/2] segment(train) [22/100] 
2024/05/13 00:25:01 - abl - INFO - model loss: 0.91581
2024/05/13 00:25:01 - abl - INFO - loop(train) [2/2] segment(train) [23/100] 
2024/05/13 00:25:05 - abl - INFO - model loss: 0.90263
2024/05/13 00:25:05 - abl - INFO - loop(train) [2/2] segment(train) [24/100] 
2024/05/13 00:25:07 - abl - INFO - model loss: 0.89595
2024/05/13 00:25:07 - abl - INFO - loop(train) [2/2] segment(train) [25/100] 
2024/05/13 00:25:10 - abl - INFO - model loss: 0.90157
2024/05/13 00:25:10 - abl - INFO - loop(train) [2/2] segment(train) [26/100] 
2024/05/13 00:25:12 - abl - INFO - model loss: 0.90761
2024/05/13 00:25:12 - abl - INFO - loop(train) [2/2] segment(train) [27/100] 
2024/05/13 00:25:17 - abl - INFO - model loss: 0.91984
2024/05/13 00:25:17 - abl - INFO - loop(train) [2/2] segment(train) [28/100] 
2024/05/13 00:25:19 - abl - INFO - model loss: 0.89874
2024/05/13 00:25:19 - abl - INFO - loop(train) [2/2] segment(train) [29/100] 
2024/05/13 00:25:22 - abl - INFO - model loss: 0.91660
2024/05/13 00:25:22 - abl - INFO - loop(train) [2/2] segment(train) [30/100] 
2024/05/13 00:25:24 - abl - INFO - model loss: 0.90454
2024/05/13 00:25:24 - abl - INFO - loop(train) [2/2] segment(train) [31/100] 
2024/05/13 00:25:27 - abl - INFO - model loss: 0.90025
2024/05/13 00:25:27 - abl - INFO - loop(train) [2/2] segment(train) [32/100] 
2024/05/13 00:25:29 - abl - INFO - model loss: 0.90934
2024/05/13 00:25:29 - abl - INFO - loop(train) [2/2] segment(train) [33/100] 
2024/05/13 00:25:31 - abl - INFO - model loss: 0.89415
2024/05/13 00:25:31 - abl - INFO - loop(train) [2/2] segment(train) [34/100] 
2024/05/13 00:25:35 - abl - INFO - model loss: 0.89684
2024/05/13 00:25:35 - abl - INFO - loop(train) [2/2] segment(train) [35/100] 
2024/05/13 00:25:38 - abl - INFO - model loss: 0.90292
2024/05/13 00:25:38 - abl - INFO - loop(train) [2/2] segment(train) [36/100] 
2024/05/13 00:25:41 - abl - INFO - model loss: 0.90401
2024/05/13 00:25:41 - abl - INFO - loop(train) [2/2] segment(train) [37/100] 
2024/05/13 00:25:43 - abl - INFO - model loss: 0.90071
2024/05/13 00:25:43 - abl - INFO - loop(train) [2/2] segment(train) [38/100] 
2024/05/13 00:25:46 - abl - INFO - model loss: 0.89210
2024/05/13 00:25:46 - abl - INFO - loop(train) [2/2] segment(train) [39/100] 
2024/05/13 00:25:49 - abl - INFO - model loss: 0.89585
2024/05/13 00:25:49 - abl - INFO - loop(train) [2/2] segment(train) [40/100] 
2024/05/13 00:25:53 - abl - INFO - model loss: 0.89327
2024/05/13 00:25:53 - abl - INFO - loop(train) [2/2] segment(train) [41/100] 
2024/05/13 00:25:55 - abl - INFO - model loss: 0.89900
2024/05/13 00:25:55 - abl - INFO - loop(train) [2/2] segment(train) [42/100] 
2024/05/13 00:25:58 - abl - INFO - model loss: 0.90139
2024/05/13 00:25:58 - abl - INFO - loop(train) [2/2] segment(train) [43/100] 
2024/05/13 00:26:00 - abl - INFO - model loss: 0.89830
2024/05/13 00:26:00 - abl - INFO - loop(train) [2/2] segment(train) [44/100] 
2024/05/13 00:26:03 - abl - INFO - model loss: 0.89279
2024/05/13 00:26:03 - abl - INFO - loop(train) [2/2] segment(train) [45/100] 
2024/05/13 00:26:05 - abl - INFO - model loss: 0.89121
2024/05/13 00:26:05 - abl - INFO - loop(train) [2/2] segment(train) [46/100] 
2024/05/13 00:26:08 - abl - INFO - model loss: 0.89732
2024/05/13 00:26:08 - abl - INFO - loop(train) [2/2] segment(train) [47/100] 
2024/05/13 00:26:12 - abl - INFO - model loss: 0.89854
2024/05/13 00:26:12 - abl - INFO - loop(train) [2/2] segment(train) [48/100] 
2024/05/13 00:26:15 - abl - INFO - model loss: 0.90245
2024/05/13 00:26:15 - abl - INFO - loop(train) [2/2] segment(train) [49/100] 
2024/05/13 00:26:18 - abl - INFO - model loss: 0.89028
2024/05/13 00:26:18 - abl - INFO - loop(train) [2/2] segment(train) [50/100] 
2024/05/13 00:26:22 - abl - INFO - model loss: 0.89043
2024/05/13 00:26:22 - abl - INFO - loop(train) [2/2] segment(train) [51/100] 
2024/05/13 00:26:24 - abl - INFO - model loss: 0.89409
2024/05/13 00:26:24 - abl - INFO - loop(train) [2/2] segment(train) [52/100] 
2024/05/13 00:26:27 - abl - INFO - model loss: 0.88906
2024/05/13 00:26:27 - abl - INFO - loop(train) [2/2] segment(train) [53/100] 
2024/05/13 00:26:30 - abl - INFO - model loss: 0.88955
2024/05/13 00:26:30 - abl - INFO - loop(train) [2/2] segment(train) [54/100] 
2024/05/13 00:26:32 - abl - INFO - model loss: 0.89952
2024/05/13 00:26:32 - abl - INFO - loop(train) [2/2] segment(train) [55/100] 
2024/05/13 00:26:35 - abl - INFO - model loss: 0.89992
2024/05/13 00:26:35 - abl - INFO - loop(train) [2/2] segment(train) [56/100] 
2024/05/13 00:26:38 - abl - INFO - model loss: 0.89463
2024/05/13 00:26:38 - abl - INFO - loop(train) [2/2] segment(train) [57/100] 
2024/05/13 00:26:41 - abl - INFO - model loss: 0.88752
2024/05/13 00:26:41 - abl - INFO - loop(train) [2/2] segment(train) [58/100] 
2024/05/13 00:26:43 - abl - INFO - model loss: 0.90279
2024/05/13 00:26:43 - abl - INFO - loop(train) [2/2] segment(train) [59/100] 
2024/05/13 00:26:46 - abl - INFO - model loss: 0.89492
2024/05/13 00:26:46 - abl - INFO - loop(train) [2/2] segment(train) [60/100] 
2024/05/13 00:26:49 - abl - INFO - model loss: 0.90216
2024/05/13 00:26:49 - abl - INFO - loop(train) [2/2] segment(train) [61/100] 
2024/05/13 00:26:52 - abl - INFO - model loss: 0.89511
2024/05/13 00:26:52 - abl - INFO - loop(train) [2/2] segment(train) [62/100] 
2024/05/13 00:26:55 - abl - INFO - model loss: 0.89924
2024/05/13 00:26:55 - abl - INFO - loop(train) [2/2] segment(train) [63/100] 
2024/05/13 00:26:58 - abl - INFO - model loss: 0.90479
2024/05/13 00:26:58 - abl - INFO - loop(train) [2/2] segment(train) [64/100] 
2024/05/13 00:27:01 - abl - INFO - model loss: 0.88408
2024/05/13 00:27:01 - abl - INFO - loop(train) [2/2] segment(train) [65/100] 
2024/05/13 00:27:05 - abl - INFO - model loss: 0.89189
2024/05/13 00:27:05 - abl - INFO - loop(train) [2/2] segment(train) [66/100] 
2024/05/13 00:27:08 - abl - INFO - model loss: 0.89371
2024/05/13 00:27:08 - abl - INFO - loop(train) [2/2] segment(train) [67/100] 
2024/05/13 00:27:11 - abl - INFO - model loss: 0.89401
2024/05/13 00:27:11 - abl - INFO - loop(train) [2/2] segment(train) [68/100] 
2024/05/13 00:27:15 - abl - INFO - model loss: 0.89283
2024/05/13 00:27:15 - abl - INFO - loop(train) [2/2] segment(train) [69/100] 
2024/05/13 00:27:20 - abl - INFO - model loss: 0.89004
2024/05/13 00:27:20 - abl - INFO - loop(train) [2/2] segment(train) [70/100] 
2024/05/13 00:27:23 - abl - INFO - model loss: 0.88849
2024/05/13 00:27:23 - abl - INFO - loop(train) [2/2] segment(train) [71/100] 
2024/05/13 00:27:26 - abl - INFO - model loss: 0.89202
2024/05/13 00:27:26 - abl - INFO - loop(train) [2/2] segment(train) [72/100] 
2024/05/13 00:27:30 - abl - INFO - model loss: 0.88593
2024/05/13 00:27:30 - abl - INFO - loop(train) [2/2] segment(train) [73/100] 
2024/05/13 00:27:33 - abl - INFO - model loss: 0.89152
2024/05/13 00:27:33 - abl - INFO - loop(train) [2/2] segment(train) [74/100] 
2024/05/13 00:27:37 - abl - INFO - model loss: 0.89837
2024/05/13 00:27:37 - abl - INFO - loop(train) [2/2] segment(train) [75/100] 
2024/05/13 00:27:40 - abl - INFO - model loss: 0.88623
2024/05/13 00:27:40 - abl - INFO - loop(train) [2/2] segment(train) [76/100] 
2024/05/13 00:27:44 - abl - INFO - model loss: 0.89328
2024/05/13 00:27:44 - abl - INFO - loop(train) [2/2] segment(train) [77/100] 
2024/05/13 00:27:47 - abl - INFO - model loss: 0.89845
2024/05/13 00:27:47 - abl - INFO - loop(train) [2/2] segment(train) [78/100] 
2024/05/13 00:27:50 - abl - INFO - model loss: 0.88641
2024/05/13 00:27:50 - abl - INFO - loop(train) [2/2] segment(train) [79/100] 
2024/05/13 00:27:54 - abl - INFO - model loss: 0.88261
2024/05/13 00:27:54 - abl - INFO - loop(train) [2/2] segment(train) [80/100] 
2024/05/13 00:27:59 - abl - INFO - model loss: 0.89243
2024/05/13 00:27:59 - abl - INFO - loop(train) [2/2] segment(train) [81/100] 
2024/05/13 00:28:03 - abl - INFO - model loss: 0.89009
2024/05/13 00:28:03 - abl - INFO - loop(train) [2/2] segment(train) [82/100] 
2024/05/13 00:28:06 - abl - INFO - model loss: 0.89758
2024/05/13 00:28:06 - abl - INFO - loop(train) [2/2] segment(train) [83/100] 
2024/05/13 00:28:10 - abl - INFO - model loss: 0.88493
2024/05/13 00:28:10 - abl - INFO - loop(train) [2/2] segment(train) [84/100] 
2024/05/13 00:28:13 - abl - INFO - model loss: 0.88313
2024/05/13 00:28:13 - abl - INFO - loop(train) [2/2] segment(train) [85/100] 
2024/05/13 00:28:16 - abl - INFO - model loss: 0.89366
2024/05/13 00:28:16 - abl - INFO - loop(train) [2/2] segment(train) [86/100] 
2024/05/13 00:28:20 - abl - INFO - model loss: 0.88520
2024/05/13 00:28:20 - abl - INFO - loop(train) [2/2] segment(train) [87/100] 
2024/05/13 00:28:24 - abl - INFO - model loss: 0.88412
2024/05/13 00:28:24 - abl - INFO - loop(train) [2/2] segment(train) [88/100] 
2024/05/13 00:28:28 - abl - INFO - model loss: 0.88813
2024/05/13 00:28:28 - abl - INFO - loop(train) [2/2] segment(train) [89/100] 
2024/05/13 00:28:31 - abl - INFO - model loss: 0.88619
2024/05/13 00:28:31 - abl - INFO - loop(train) [2/2] segment(train) [90/100] 
2024/05/13 00:28:34 - abl - INFO - model loss: 0.88381
2024/05/13 00:28:34 - abl - INFO - loop(train) [2/2] segment(train) [91/100] 
2024/05/13 00:28:37 - abl - INFO - model loss: 0.89315
2024/05/13 00:28:37 - abl - INFO - loop(train) [2/2] segment(train) [92/100] 
2024/05/13 00:28:41 - abl - INFO - model loss: 0.88929
2024/05/13 00:28:41 - abl - INFO - loop(train) [2/2] segment(train) [93/100] 
2024/05/13 00:28:45 - abl - INFO - model loss: 0.89047
2024/05/13 00:28:45 - abl - INFO - loop(train) [2/2] segment(train) [94/100] 
2024/05/13 00:28:48 - abl - INFO - model loss: 0.88591
2024/05/13 00:28:48 - abl - INFO - loop(train) [2/2] segment(train) [95/100] 
2024/05/13 00:28:51 - abl - INFO - model loss: 0.89945
2024/05/13 00:28:51 - abl - INFO - loop(train) [2/2] segment(train) [96/100] 
2024/05/13 00:28:55 - abl - INFO - model loss: 0.88690
2024/05/13 00:28:55 - abl - INFO - loop(train) [2/2] segment(train) [97/100] 
2024/05/13 00:28:58 - abl - INFO - model loss: 0.88414
2024/05/13 00:28:58 - abl - INFO - loop(train) [2/2] segment(train) [98/100] 
2024/05/13 00:29:01 - abl - INFO - model loss: 0.88765
2024/05/13 00:29:01 - abl - INFO - loop(train) [2/2] segment(train) [99/100] 
2024/05/13 00:29:05 - abl - INFO - model loss: 0.88758
2024/05/13 00:29:05 - abl - INFO - loop(train) [2/2] segment(train) [100/100] 
2024/05/13 00:29:09 - abl - INFO - model loss: 0.88588
2024/05/13 00:29:09 - abl - INFO - Eval start: loop(val) [2]
2024/05/13 00:35:02 - abl - INFO - Evaluation ended, mnist_add/character_accuracy: 0.993 mnist_add/reasoning_accuracy: 0.986 
2024/05/13 00:35:02 - abl - INFO - Saving model: loop(save) [2]
2024/05/13 00:35:02 - abl - INFO - Checkpoints will be saved to results\20240513_00_19_50\weights\model_checkpoint_loop_2.pth